<?xml version="1.0" encoding="UTF-8"?>
<testng-results skipped="0" failed="0" total="2" passed="2">
  <reporter-output>
  </reporter-output>
  <suite name="Suite" duration-ms="9045" started-at="2018-05-25T13:42:24Z" finished-at="2018-05-25T13:42:33Z">
    <groups>
    </groups>
    <test name="Test" duration-ms="9045" started-at="2018-05-25T13:42:24Z" finished-at="2018-05-25T13:42:33Z">
      <class name="com.vtiger.test.LoginTest">
        <test-method status="PASS" signature="launchApp(java.lang.String)[pri:0, instance:com.vtiger.test.LoginTest@17e2f02]" name="launchApp" is-config="true" duration-ms="3546" started-at="2018-05-25T19:12:24Z" finished-at="2018-05-25T19:12:27Z">
          <params>
            <param index="0">
              <value>
                <![CDATA[ch]]>
              </value>
            </param>
          </params>
          <reporter-output>
          </reporter-output>
        </test-method> <!-- launchApp -->
        <test-method status="PASS" signature="InvalidLogin()[pri:0, instance:com.vtiger.test.LoginTest@17e2f02]" name="InvalidLogin" duration-ms="1024" started-at="2018-05-25T19:12:27Z" finished-at="2018-05-25T19:12:29Z">
          <reporter-output>
          </reporter-output>
        </test-method> <!-- InvalidLogin -->
        <test-method status="PASS" signature="validLogin()[pri:0, instance:com.vtiger.test.LoginTest@17e2f02]" name="validLogin" duration-ms="3791" started-at="2018-05-25T19:12:29Z" finished-at="2018-05-25T19:12:32Z">
          <reporter-output>
          </reporter-output>
        </test-method> <!-- validLogin -->
        <test-method status="PASS" signature="CloseApp()[pri:0, instance:com.vtiger.test.LoginTest@17e2f02]" name="CloseApp" is-config="true" duration-ms="665" started-at="2018-05-25T19:12:32Z" finished-at="2018-05-25T19:12:33Z">
          <reporter-output>
          </reporter-output>
        </test-method> <!-- CloseApp -->
      </class> <!-- com.vtiger.test.LoginTest -->
    </test> <!-- Test -->
  </suite> <!-- Suite -->
</testng-results>
